<?xml version="1.0" encoding="UTF-8"?>
<testsuite xmlns:xsi="http://www.w3.org/2001/XMLSchema-instance" xsi:noNamespaceSchemaLocation="https://maven.apache.org/surefire/maven-surefire-plugin/xsd/surefire-test-report-3.0.xsd" version="3.0" name="edu.eci.arsw.blueprints.test.services.ApplicationServicesTests" time="3.235" tests="3" errors="0" skipped="0" failures="0">
  <properties>
[...]
</properties>
  <testcase name="shouldThrowWhenBlueprintNotFound" classname="edu.eci.arsw.blueprints.test.services.ApplicationServicesTests" time="0.853">
    <system-out><![CDATA[16:33:20.156 [main] INFO org.springframework.test.context.support.AnnotationConfigContextLoaderUtils -- Could not detect default configuration classes for test class [edu.eci.arsw.blueprints.test.services.ApplicationServicesTests]: ApplicationServicesTests does not declare any static, non-private, non-final, nested classes annotated with @Configuration.
16:33:20.261 [main] INFO org.springframework.boot.test.context.SpringBootTestContextBootstrapper -- Found @SpringBootConfiguration edu.eci.arsw.blueprints.BlueprintsAPIApplication for test class edu.eci.arsw.blueprints.test.services.ApplicationServicesTests

  .   ____          _            __ _ _
 /\\ / ___'_ __ _ _(_)_ __  __ _ \ \ \ \
( ( )\___ | '_ | '_| | '_ \/ _` | \ \ \ \
 \\/  ___)| |_)| | | | | || (_| |  ) ) ) )
  '  |____| .__|_| |_|_| |_\__, | / / / /
 =========|_|==============|___/=/_/_/_/

 :: Spring Boot ::                (v3.3.4)

2025-10-02T16:33:20.684-05:00  INFO 24712 --- [           main] e.e.a.b.t.s.ApplicationServicesTests     : Starting ApplicationServicesTests using Java 17.0.14 with PID 24712 (started by SANTI in C:\Users\SANTI\OneDrive - ESCUELA COLOMBIANA DE INGENIERIA JULIO GARAVITO\2025-2\ARSW\JS_Blueprint)
2025-10-02T16:33:20.685-05:00  INFO 24712 --- [           main] e.e.a.b.t.s.ApplicationServicesTests     : No active profile set, falling back to 1 default profile: "default"
2025-10-02T16:33:21.745-05:00  INFO 24712 --- [           main] o.s.b.a.w.s.WelcomePageHandlerMapping    : Adding welcome page: class path resource [static/index.html]
2025-10-02T16:33:22.334-05:00  INFO 24712 --- [           main] e.e.a.b.t.s.ApplicationServicesTests     : Started ApplicationServicesTests in 1.896 seconds (process running for 2.86)
]]></system-out>
  </testcase>
  <testcase name="shouldRegisterBlueprint" classname="edu.eci.arsw.blueprints.test.services.ApplicationServicesTests" time="0.005"/>
  <testcase name="contextLoads" classname="edu.eci.arsw.blueprints.test.services.ApplicationServicesTests" time="0.003"/>
</testsuite>