<?xml version="1.0" encoding="UTF-8"?>
<testsuite xmlns:xsi="http://www.w3.org/2001/XMLSchema-instance" xsi:noNamespaceSchemaLocation="https://maven.apache.org/surefire/maven-surefire-plugin/xsd/surefire-test-report-3.0.xsd" version="3.0" name="edu.eci.arsw.blueprints.test.services.ApplicationServicesTests" time="2.701" tests="3" errors="0" skipped="0" failures="0">
  <properties>
[...]
</properties>
  <testcase name="shouldThrowWhenBlueprintNotFound" classname="edu.eci.arsw.blueprints.test.services.ApplicationServicesTests" time="0.642">
    <system-out><![CDATA[08:28:14.365 [main] INFO org.springframework.test.context.support.AnnotationConfigContextLoaderUtils -- Could not detect default configuration classes for test class [edu.eci.arsw.blueprints.test.services.ApplicationServicesTests]: ApplicationServicesTests does not declare any static, non-private, non-final, nested classes annotated with @Configuration.
08:28:14.477 [main] INFO org.springframework.boot.test.context.SpringBootTestContextBootstrapper -- Found @SpringBootConfiguration edu.eci.arsw.blueprints.BlueprintsAPIApplication for test class edu.eci.arsw.blueprints.test.services.ApplicationServicesTests

  .   ____          _            __ _ _
 /\\ / ___'_ __ _ _(_)_ __  __ _ \ \ \ \
( ( )\___ | '_ | '_| | '_ \/ _` | \ \ \ \
 \\/  ___)| |_)| | | | | || (_| |  ) ) ) )
  '  |____| .__|_| |_|_| |_\__, | / / / /
 =========|_|==============|___/=/_/_/_/

 :: Spring Boot ::                (v3.3.4)

2025-10-04T08:28:14.837-05:00  INFO 7550 --- [           main] e.e.a.b.t.s.ApplicationServicesTests     : Starting ApplicationServicesTests using Java 17.0.16 with PID 7550 (started by daviespr in /home/daviespr/JS_Blueprint)
2025-10-04T08:28:14.839-05:00  INFO 7550 --- [           main] e.e.a.b.t.s.ApplicationServicesTests     : No active profile set, falling back to 1 default profile: "default"
2025-10-04T08:28:15.570-05:00  INFO 7550 --- [           main] o.s.b.a.w.s.WelcomePageHandlerMapping    : Adding welcome page: class path resource [static/index.html]
2025-10-04T08:28:16.256-05:00  INFO 7550 --- [           main] e.e.a.b.t.s.ApplicationServicesTests     : Started ApplicationServicesTests in 1.665 seconds (process running for 2.499)
]]></system-out>
  </testcase>
  <testcase name="shouldRegisterBlueprint" classname="edu.eci.arsw.blueprints.test.services.ApplicationServicesTests" time="0.004"/>
  <testcase name="contextLoads" classname="edu.eci.arsw.blueprints.test.services.ApplicationServicesTests" time="0.002"/>
</testsuite>